<?xml version="1.0" encoding="UTF-8"?>
<!-- Generated by org.testng.reporters.JUnitReportReporter -->
<testsuite hostname="ASCINLAP61476" failures="0" tests="1" name="pack1.lab14" time="25.017" errors="0" timestamp="2025-10-17T10:47:46 IST" skipped="0">
  <testcase classname="pack1.lab14" name="registerUserFromExcel" time="25.017"/>
</testsuite> <!-- pack1.lab14 -->
