<?xml version="1.0" encoding="UTF-8"?>
<!-- Generated by org.testng.reporters.JUnitReportReporter -->
<testsuite hostname="ASCINLAP61476" failures="0" tests="4" name="swapna.TC009" time="0.025" errors="0" timestamp="2025-10-15T12:42:09 IST" skipped="0">
  <testcase classname="swapna.TC009" name="zohotest" time="0.018"/>
  <testcase classname="swapna.TC009" name="amazontest" time="0.002"/>
  <testcase classname="swapna.TC009" name="yahootest" time="0.002"/>
  <testcase classname="swapna.TC009" name="aaaa" time="0.003"/>
</testsuite> <!-- swapna.TC009 -->
